<!DOCTYPE SW-CNT PUBLIC "-//Volkswagen AG//DTD Datencontainer fuer die SG-Programmierung V00.80:MiniDC08.DTD//GE" "minidc08.dtd">
<SW-CNT>
  <IDENT>
    <CNT-DATEI>3D0909601A.sgm</CNT-DATEI>
    <CNT-VERSION-TYP>cvt_pfu_01</CNT-VERSION-TYP>
    <CNT-VERSION-INHALT>0.80</CNT-VERSION-INHALT>
    <CNT-IDENT-TEXT>MyProject</CNT-IDENT-TEXT>
    <SW-VERSION-KURZ>0815A</SW-VERSION-KURZ>
    <SW-VERSION-LANG>3D4711A</SW-VERSION-LANG>
  </IDENT>
  <INFO>
    <ADRESSEN>
      <ADRESSE>
        <FIRMENNAME>S/W-Development GmbH</FIRMENNAME>
        <ROLLE>Entwicklung VAG-Software</ROLLE>
        <ABTEILUNG>ESVG</ABTEILUNG>
        <PERSON>Klaus Mustermann</PERSON>
        <ANSCHRIFT>Gewerbestrasse 40, D-03421 Ingolsheim</ANSCHRIFT>
        <TELEFON>+49-6234-123-456</TELEFON>
        <FAX>+49-6234-123-200</FAX>
        <EMAIL>Klaus.Mustermann@sw-develop.de</EMAIL>
      </ADRESSE>
    </ADRESSEN>
    <REVISIONEN>
      <REVISION>
        <WANN></WANN>
        <WER></WER>
        <WAS></WAS>
        <WARUM></WARUM>
        <VERSION></VERSION>
      </REVISION>
    </REVISIONEN>
  </INFO>
  <ABLAEUFE>
    <ABLAUF>
      <ABLAUF-NAME>abn_pfu</ABLAUF-NAME>
      <KWP-2000>
        <KWP-2000-TGT>0x62</KWP-2000-TGT>
        <KWP-2000-REI>
          <KWP-2000-PSTAT-BIT0>255</KWP-2000-PSTAT-BIT0>
          <KWP-2000-PSTAT-BIT1>6</KWP-2000-PSTAT-BIT1>
          <KWP-2000-PSTAT-BIT2>10</KWP-2000-PSTAT-BIT2>
          <KWP-2000-PSTAT-BIT3>0</KWP-2000-PSTAT-BIT3>
          <KWP-2000-PSTAT-BIT4>0</KWP-2000-PSTAT-BIT4>
          <KWP-2000-PSTAT-BIT5>0</KWP-2000-PSTAT-BIT5>
          <KWP-2000-PSTAT-BIT6>0</KWP-2000-PSTAT-BIT6>
          <KWP-2000-PSTAT-BIT7>0</KWP-2000-PSTAT-BIT7>
        </KWP-2000-REI>
        <KWP-2000-ACP>
          <KWP-2000-P2MIN>0xFF</KWP-2000-P2MIN> 
          <KWP-2000-P2MAX>0xFF</KWP-2000-P2MAX> 
          <KWP-2000-P3MIN>0xFF</KWP-2000-P3MIN> 
          <KWP-2000-P3MAX>0xFF</KWP-2000-P3MAX> 
          <KWP-2000-P4MIN>0xFF</KWP-2000-P4MIN> 
        </KWP-2000-ACP>
        <KWP-2000-SA2>0x12,0x23,0x23,0x34,0x45,0x56C</KWP-2000-SA2>
      </KWP-2000>
